2017-10-11T18:48:29,102 [ERROR] (Validator.java:36) - Wrong Format java.lang.NumberFormatException: For input string: "2f"
2017-10-11T18:48:29,104 [ERROR] (Validator.java:40) - Wrong parameters amount java.lang.ArrayIndexOutOfBoundsException: 5
2017-10-11T18:49:19,498 [ERROR] (Validator.java:36) - Wrong Format java.lang.NumberFormatException: For input string: "2f"
2017-10-11T18:49:19,498 [ERROR] (Validator.java:40) - Wrong parameters amount java.lang.ArrayIndexOutOfBoundsException: 5
2017-10-11T18:49:29,694 [FATAL] (Validator.java:51) - Fatal! File is empty 
2017-10-11T18:49:29,698 [ERROR] (Validator.java:40) - Wrong parameters amount java.lang.ArrayIndexOutOfBoundsException: 4
2017-10-11T18:49:29,701 [ERROR] (Validator.java:36) - Wrong Format java.lang.NumberFormatException: For input string: "1f"
2017-10-11T19:07:41,248 [ERROR] (Validator.java:36) - Wrong Format java.lang.NumberFormatException: For input string: "2f"
2017-10-11T19:07:41,248 [ERROR] (Validator.java:40) - Wrong parameters amount java.lang.ArrayIndexOutOfBoundsException: 5
2017-10-11T19:08:54,868 [INFO ] (FileDataDownloader.java:30) - File opened successfully
2017-10-11T19:08:54,869 [INFO ] (FileDataDownloader.java:32) - Line was downloaded successfully 2f 2 3 4 1 5
2017-10-11T19:08:54,869 [INFO ] (FileDataDownloader.java:32) - Line was downloaded successfully 4 2 7 9 1 3
2017-10-11T19:08:54,870 [INFO ] (FileDataDownloader.java:32) - Line was downloaded successfully 4 2 7 9 1
2017-10-11T19:08:54,870 [INFO ] (Validator.java:21) - Validating string 2f 2 3 4 1 5
2017-10-11T19:08:54,871 [ERROR] (Validator.java:36) - Wrong Format java.lang.NumberFormatException: For input string: "2f"
2017-10-11T19:08:54,872 [INFO ] (Validator.java:21) - Validating string 4 2 7 9 1 3
2017-10-11T19:08:54,872 [INFO ] (Validator.java:32) - String 4 2 7 9 1 3 was validated successfully
2017-10-11T19:08:54,872 [INFO ] (Validator.java:21) - Validating string 4 2 7 9 1
2017-10-11T19:08:54,873 [ERROR] (Validator.java:40) - Wrong parameters amount java.lang.ArrayIndexOutOfBoundsException: 5
2017-10-11T19:08:54,879 [INFO ] (Creator.java:40) - Point was created Point{xCoordinate=4, yCoordinate=2}
2017-10-11T19:08:54,879 [INFO ] (Creator.java:40) - Point was created Point{xCoordinate=7, yCoordinate=9}
2017-10-11T19:08:54,879 [INFO ] (Creator.java:40) - Point was created Point{xCoordinate=1, yCoordinate=3}
2017-10-11T19:08:54,885 [INFO ] (Creator.java:30) - Triangle was created Triangle{A=Point{xCoordinate=4, yCoordinate=2}, B=Point{xCoordinate=7, yCoordinate=9}, C=Point{xCoordinate=1, yCoordinate=3}}
