2017-11-11T12:11:17,029 [INFO ] (FileDataDownloader.java:26) - File opened successfully
2017-11-11T12:11:17,032 [INFO ] (FileDataDownloader.java:28) - Line was downloaded successfully 2f 2 3 4 1 5
2017-11-11T12:11:17,032 [INFO ] (FileDataDownloader.java:28) - Line was downloaded successfully 4 2 7 9 1 3
2017-11-11T12:11:17,033 [INFO ] (FileDataDownloader.java:28) - Line was downloaded successfully 4 2 7 9 1
2017-11-11T12:11:17,033 [INFO ] (FileDataDownloader.java:28) - Line was downloaded successfully 6 3 7 9 4 8
2017-11-11T12:11:17,033 [INFO ] (FileDataDownloader.java:28) - Line was downloaded successfully 6 8 9 1 7 12 6
2017-11-11T12:11:17,034 [INFO ] (Validator.java:20) - Validating string 2f 2 3 4 1 5
2017-11-11T12:11:17,035 [ERROR] (Validator.java:41) - Wrong Format java.lang.NumberFormatException: For input string: "2f"
2017-11-11T12:11:17,036 [INFO ] (Validator.java:20) - Validating string 4 2 7 9 1 3
2017-11-11T12:11:17,037 [INFO ] (Validator.java:38) - String 4 2 7 9 1 3 was validated successfully
2017-11-11T12:11:17,037 [INFO ] (Validator.java:20) - Validating string 4 2 7 9 1
2017-11-11T12:11:17,038 [ERROR] (Validator.java:29) - Wrong parameters amount. Need 6, but founded: 5
2017-11-11T12:11:17,038 [INFO ] (Validator.java:20) - Validating string 6 3 7 9 4 8
2017-11-11T12:11:17,038 [INFO ] (Validator.java:38) - String 6 3 7 9 4 8 was validated successfully
2017-11-11T12:11:17,038 [INFO ] (Validator.java:20) - Validating string 6 8 9 1 7 12 6
2017-11-11T12:11:17,038 [ERROR] (Validator.java:29) - Wrong parameters amount. Need 6, but founded: 7
2017-11-11T12:11:17,049 [INFO ] (EntityCreator.java:48) - Point was created Point{xCoordinate=4.0, yCoordinate=2.0}
2017-11-11T12:11:17,049 [INFO ] (EntityCreator.java:48) - Point was created Point{xCoordinate=7.0, yCoordinate=9.0}
2017-11-11T12:11:17,049 [INFO ] (EntityCreator.java:48) - Point was created Point{xCoordinate=1.0, yCoordinate=3.0}
2017-11-11T12:11:17,049 [INFO ] (EntityCreator.java:48) - Point was created Point{xCoordinate=6.0, yCoordinate=3.0}
2017-11-11T12:11:17,049 [INFO ] (EntityCreator.java:48) - Point was created Point{xCoordinate=7.0, yCoordinate=9.0}
2017-11-11T12:11:17,050 [INFO ] (EntityCreator.java:48) - Point was created Point{xCoordinate=4.0, yCoordinate=8.0}
2017-11-11T12:11:17,055 [INFO ] (EntityCreator.java:37) - Triangle was created Triangle. id = 0

2017-11-11T12:11:17,056 [INFO ] (EntityCreator.java:37) - Triangle was created Triangle. id = 1

2017-11-11T12:35:41,803 [INFO ] (FileDataDownloader.java:27) - File opened successfully
2017-11-11T12:35:41,811 [INFO ] (FileDataDownloader.java:29) - Line was downloaded successfully 2f 2 3 4 1 5
2017-11-11T12:35:41,811 [INFO ] (FileDataDownloader.java:29) - Line was downloaded successfully 4 2 7 9 1 3
2017-11-11T12:35:41,811 [INFO ] (FileDataDownloader.java:29) - Line was downloaded successfully 4 2 7 9 1
2017-11-11T12:35:41,812 [INFO ] (FileDataDownloader.java:29) - Line was downloaded successfully 6 3 7 9 4 8
2017-11-11T12:35:41,812 [INFO ] (FileDataDownloader.java:29) - Line was downloaded successfully 6 8 9 1 7 12 6
2017-11-11T12:35:41,814 [INFO ] (Validator.java:19) - Validating string 2f 2 3 4 1 5
2017-11-11T12:35:41,815 [ERROR] (Validator.java:40) - Wrong Format java.lang.NumberFormatException: For input string: "2f"
2017-11-11T12:35:41,816 [INFO ] (Validator.java:19) - Validating string 4 2 7 9 1 3
2017-11-11T12:35:41,817 [INFO ] (Validator.java:37) - String 4 2 7 9 1 3 was validated successfully
2017-11-11T12:35:41,817 [INFO ] (Validator.java:19) - Validating string 4 2 7 9 1
2017-11-11T12:35:41,817 [ERROR] (Validator.java:28) - Wrong parameters amount. Need 6, but founded: 5
2017-11-11T12:35:41,817 [INFO ] (Validator.java:19) - Validating string 6 3 7 9 4 8
2017-11-11T12:35:41,817 [INFO ] (Validator.java:37) - String 6 3 7 9 4 8 was validated successfully
2017-11-11T12:35:41,818 [INFO ] (Validator.java:19) - Validating string 6 8 9 1 7 12 6
2017-11-11T12:35:41,818 [ERROR] (Validator.java:28) - Wrong parameters amount. Need 6, but founded: 7
2017-11-11T12:35:41,825 [INFO ] (EntityCreator.java:48) - Point was created Point{xCoordinate=4.0, yCoordinate=2.0}
2017-11-11T12:35:41,826 [INFO ] (EntityCreator.java:48) - Point was created Point{xCoordinate=7.0, yCoordinate=9.0}
2017-11-11T12:35:41,826 [INFO ] (EntityCreator.java:48) - Point was created Point{xCoordinate=1.0, yCoordinate=3.0}
2017-11-11T12:35:41,826 [INFO ] (EntityCreator.java:48) - Point was created Point{xCoordinate=6.0, yCoordinate=3.0}
2017-11-11T12:35:41,826 [INFO ] (EntityCreator.java:48) - Point was created Point{xCoordinate=7.0, yCoordinate=9.0}
2017-11-11T12:35:41,826 [INFO ] (EntityCreator.java:48) - Point was created Point{xCoordinate=4.0, yCoordinate=8.0}
2017-11-11T12:35:41,830 [INFO ] (EntityCreator.java:37) - Triangle was created Triangle. id = 0

2017-11-11T12:35:41,830 [INFO ] (EntityCreator.java:37) - Triangle was created Triangle. id = 1

2017-11-11T12:36:17,394 [FATAL] (Validator.java:57) - Fatal! File is empty 
2017-11-11T12:36:17,398 [FATAL] (Validator.java:48) - Fatal! Parameter filename is empty 
2017-11-11T12:36:17,399 [INFO ] (Validator.java:19) - Validating string 1 2 3 4 
2017-11-11T12:36:17,399 [ERROR] (Validator.java:28) - Wrong parameters amount. Need 6, but founded: 4
2017-11-11T12:36:17,401 [INFO ] (Validator.java:19) - Validating string 1f 2 3 4 5 6
2017-11-11T12:36:17,402 [ERROR] (Validator.java:40) - Wrong Format java.lang.NumberFormatException: For input string: "1f"
